<?xml version="1.0" encoding="UTF-8"?>
<!-- Generated by org.testng.reporters.JUnitReportReporter -->
<testsuite skipped="0" hostname="INLT1260" name="script.TestLoginPage" tests="1" failures="0" timestamp="03 May 2018 06:05:38 GMT" time="13.683" errors="0">
  <testcase name="testValidLogin" time="13.683" classname="script.TestLoginPage"/>
</testsuite> <!-- script.TestLoginPage -->
