<?xml version="1.0" encoding="UTF-8"?>
<!-- Generated by org.testng.reporters.JUnitReportReporter -->
<testsuite skipped="0" hostname="INLT1260" name="script.TestHomeGeneralPage" tests="2" failures="0" timestamp="18 May 2018 07:25:16 GMT" time="14.476" errors="0">
  <testcase name="testHomeGeneral" time="6.998" classname="script.TestHomeGeneralPage"/>
  <testcase name="testHome" time="7.478" classname="script.TestHomeGeneralPage"/>
</testsuite> <!-- script.TestHomeGeneralPage -->
